<?xml version='1.0'?>
<ns2:test-suite xmlns:ns2='urn:model.allure.qatools.yandex.ru' start='1662967806067' stop='1662967823871'>
    <name>My Login application</name>
    <title>My Login application</title>
    <test-cases>
        <test-case start='1662967806068' status='pending' stop='1662967806068'>
            <name>Validate if Appropriate text message is received to Collab and Assignee</name>
            <title>Validate if Appropriate text message is received to Collab and Assignee</title>
            <labels/>
            <parameters/>
            <steps/>
            <attachments/>
            <failure>
                <message>Test ignored</message>
                <stack-trace>undefined</stack-trace>
            </failure>
        </test-case>
        <test-case start='1662967806068' status='broken' stop='1662967823870'>
            <name>Validate if Appropriate text message is received to submitter</name>
            <title>Validate if Appropriate text message is received to submitter</title>
            <labels>
                <label name='language' value='javascript'/>
                <label name='framework' value='wdio'/>
                <label name='thread' value='0-0'/>
                <label name='language' value='javascript'/>
                <label name='framework' value='wdio'/>
                <label name='thread' value='0-0'/>
            </labels>
            <parameters>
                <parameter kind='argument' name='browser' value='chrome-105.0.5195.102'/>
                <parameter kind='argument' name='browser' value='chrome-105.0.5195.102'/>
            </parameters>
            <steps>
                <step start='1662967806069' status='passed' stop='1662967823697'>
                    <name>POST /session/:sessionId/url</name>
                    <title>POST /session/:sessionId/url</title>
                    <attachments>
                        <attachment title='Request' source='61631b0a-6146-4ea2-a331-86a6ea339631-attachment.json' type='application/json' size='59'/>
                    </attachments>
                    <steps/>
                </step>
                <step start='1662967823698' status='passed' stop='1662967823845'>
                    <name>POST /session/:sessionId/url</name>
                    <title>POST /session/:sessionId/url</title>
                    <attachments>
                        <attachment title='Request' source='33f3527b-a1fc-4e46-a1cc-d66b917d39ba-attachment.json' type='application/json' size='59'/>
                    </attachments>
                    <steps/>
                </step>
                <step start='1662967823846' status='broken' stop='1662967823870'>
                    <name>POST /session/:sessionId/element</name>
                    <title>POST /session/:sessionId/element</title>
                    <attachments>
                        <attachment title='Request' source='aa7204f7-3cd9-48df-9518-d45aaee3c535-attachment.json' type='application/json' size='69'/>
                    </attachments>
                    <steps>
                        <step start='1662967823861' status='broken' stop='1662967823870'>
                            <name>GET /session/:sessionId/screenshot</name>
                            <title>GET /session/:sessionId/screenshot</title>
                            <attachments/>
                            <steps/>
                        </step>
                    </steps>
                </step>
            </steps>
            <attachments/>
            <failure>
                <message>no such window: target window already closed
                from unknown error: web view not found
                  (Session info: chrome=105.0.5195.102)</message>
                <stack-trace>no such window: no such window: target window already closed
                from unknown error: web view not found
                  (Session info: chrome=105.0.5195.102)
                    at processTicksAndRejections (node:internal/process/task_queues:96:5)
                    at async Context.&lt;anonymous> (/Users/prafulkolhe/ElevateRepoEmailMessages/Read-otp/test/specs/readMessageFromPhone.e2e.js:52:9)</stack-trace>
            </failure>
        </test-case>
    </test-cases>
</ns2:test-suite>